$ tsc && vite build
vite v8.0.16 building client environment for production...
[2Ktransforming...✓ 2014 modules transformed.
rendering chunks...
computing gzip size...
dist/index.html                               3.20 kB │ gzip:   1.27 kB
dist/assets/index-zGPzNU2P.css              110.51 kB │ gzip:  17.49 kB
dist/assets/rotate-ccw-B-MlNNBs.js            0.20 kB │ gzip:   0.18 kB
dist/assets/trash-2-z3gTYcto.js               0.74 kB │ gzip:   0.39 kB
dist/assets/BodyText-B2RH3YuN.js              1.71 kB │ gzip:   0.97 kB
dist/assets/SitemapPage-CreorFzl.js           3.15 kB │ gzip:   1.44 kB
dist/assets/MakerProfileView-CDeQBPdc.js      5.13 kB │ gzip:   1.60 kB
dist/assets/PolicyView-Ze2KlLyt.js            7.47 kB │ gzip:   2.81 kB
dist/assets/MessagesView-DjN75K9N.js          7.47 kB │ gzip:   3.03 kB
dist/assets/AdminMembersView-f_wzQ9FH.js      7.74 kB │ gzip:   3.16 kB
dist/assets/createLucideIcon-CAdyUWaY.js      9.72 kB │ gzip:   3.85 kB
dist/assets/AdminCommunityView-Dm54FO-n.js   11.32 kB │ gzip:   3.67 kB
dist/assets/AboutView-CMaIr0-g.js            17.60 kB │ gzip:   5.64 kB
dist/assets/DiscussionHub-BgfFUbs1.js        24.02 kB │ gzip:   8.24 kB
dist/assets/SupportView-BN7VZKxa.js          25.42 kB │ gzip:   7.89 kB
dist/assets/DesignSystemPage-ByDV4PhP.js     28.54 kB │ gzip:   8.78 kB
dist/assets/AdminDashboardView-BZLxhVzX.js   41.96 kB │ gzip:   8.17 kB
dist/assets/index-DPwFi5P0.js               791.43 kB │ gzip: 248.98 kB

✓ built in 2.51s
[plugin builtin:vite-reporter] 
(!) Some chunks are larger than 500 kB after minification. Consider:
- Using dynamic import() to code-split the application
- Use build.rolldownOptions.output.codeSplitting to improve chunking: https://rolldown.rs/reference/OutputOptions.codeSplitting
- Adjust chunk size limit for this warning via build.chunkSizeWarningLimit.
